{"/Users/ganesh/hobbies/todo_app/backend/app.js": {"path":"/Users/ganesh/hobbies/todo_app/backend/app.js","statementMap":{"0":{"start":{"line":1,"column":16},"end":{"line":1,"column":34}},"1":{"start":{"line":2,"column":13},"end":{"line":2,"column":28}},"2":{"start":{"line":3,"column":19},"end":{"line":3,"column":41}},"3":{"start":{"line":4,"column":19},"end":{"line":4,"column":49}},"4":{"start":{"line":5,"column":19},"end":{"line":5,"column":49}},"5":{"start":{"line":7,"column":12},"end":{"line":7,"column":21}},"6":{"start":{"line":9,"column":0},"end":{"line":9,"column":16}},"7":{"start":{"line":10,"column":0},"end":{"line":10,"column":27}},"8":{"start":{"line":12,"column":0},"end":{"line":12,"column":30}},"9":{"start":{"line":13,"column":0},"end":{"line":13,"column":30}},"10":{"start":{"line":15,"column":0},"end":{"line":15,"column":21}}},"fnMap":{},"branchMap":{},"s":{"0":1,"1":1,"2":1,"3":1,"4":1,"5":1,"6":1,"7":1,"8":1,"9":1,"10":1},"f":{},"b":{},"_coverageSchema":"1a1c01bbd47fc00a2c39e90264f33305004495a9","hash":"62cb2f6944f47230d4dac1109916ca15cdd9500c"}
,"/Users/ganesh/hobbies/todo_app/backend/controllers/authController.js": {"path":"/Users/ganesh/hobbies/todo_app/backend/controllers/authController.js","statementMap":{"0":{"start":{"line":1,"column":18},"end":{"line":1,"column":39}},"1":{"start":{"line":3,"column":0},"end":{"line":11,"column":2}},"2":{"start":{"line":4,"column":33},"end":{"line":4,"column":41}},"3":{"start":{"line":5,"column":15},"end":{"line":5,"column":82}},"4":{"start":{"line":5,"column":31},"end":{"line":5,"column":81}},"5":{"start":{"line":6,"column":2},"end":{"line":10,"column":3}},"6":{"start":{"line":7,"column":4},"end":{"line":7,"column":49}},"7":{"start":{"line":9,"column":4},"end":{"line":9,"column":59}}},"fnMap":{"0":{"name":"(anonymous_0)","decl":{"start":{"line":3,"column":16},"end":{"line":3,"column":17}},"loc":{"start":{"line":3,"column":30},"end":{"line":11,"column":1}},"line":3},"1":{"name":"(anonymous_1)","decl":{"start":{"line":5,"column":26},"end":{"line":5,"column":27}},"loc":{"start":{"line":5,"column":31},"end":{"line":5,"column":81}},"line":5}},"branchMap":{"0":{"loc":{"start":{"line":5,"column":31},"end":{"line":5,"column":81}},"type":"binary-expr","locations":[{"start":{"line":5,"column":31},"end":{"line":5,"column":54}},{"start":{"line":5,"column":58},"end":{"line":5,"column":81}}],"line":5},"1":{"loc":{"start":{"line":6,"column":2},"end":{"line":10,"column":3}},"type":"if","locations":[{"start":{"line":6,"column":2},"end":{"line":10,"column":3}},{"start":{"line":8,"column":9},"end":{"line":10,"column":3}}],"line":6}},"s":{"0":1,"1":1,"2":2,"3":2,"4":2,"5":2,"6":1,"7":1},"f":{"0":2,"1":2},"b":{"0":[2,1],"1":[1,1]},"_coverageSchema":"1a1c01bbd47fc00a2c39e90264f33305004495a9","hash":"d97e1dd17b68a88b3fc0186b0976e7fd816f2758"}
,"/Users/ganesh/hobbies/todo_app/backend/controllers/todoController.js": {"path":"/Users/ganesh/hobbies/todo_app/backend/controllers/todoController.js","statementMap":{"0":{"start":{"line":1,"column":16},"end":{"line":1,"column":37}},"1":{"start":{"line":3,"column":0},"end":{"line":3,"column":49}},"2":{"start":{"line":3,"column":33},"end":{"line":3,"column":48}},"3":{"start":{"line":5,"column":0},"end":{"line":13,"column":2}},"4":{"start":{"line":6,"column":19},"end":{"line":6,"column":27}},"5":{"start":{"line":7,"column":2},"end":{"line":9,"column":3}},"6":{"start":{"line":8,"column":4},"end":{"line":8,"column":63}},"7":{"start":{"line":10,"column":15},"end":{"line":10,"column":50}},"8":{"start":{"line":11,"column":2},"end":{"line":11,"column":19}},"9":{"start":{"line":12,"column":2},"end":{"line":12,"column":29}},"10":{"start":{"line":15,"column":0},"end":{"line":21,"column":2}},"11":{"start":{"line":16,"column":17},"end":{"line":16,"column":27}},"12":{"start":{"line":17,"column":15},"end":{"line":17,"column":43}},"13":{"start":{"line":17,"column":31},"end":{"line":17,"column":42}},"14":{"start":{"line":18,"column":2},"end":{"line":18,"column":65}},"15":{"start":{"line":18,"column":13},"end":{"line":18,"column":65}},"16":{"start":{"line":19,"column":2},"end":{"line":19,"column":30}},"17":{"start":{"line":20,"column":2},"end":{"line":20,"column":17}},"18":{"start":{"line":24,"column":0},"end":{"line":34,"column":2}},"19":{"start":{"line":25,"column":17},"end":{"line":25,"column":27}},"20":{"start":{"line":26,"column":20},"end":{"line":26,"column":28}},"21":{"start":{"line":27,"column":15},"end":{"line":27,"column":43}},"22":{"start":{"line":27,"column":31},"end":{"line":27,"column":42}},"23":{"start":{"line":28,"column":2},"end":{"line":30,"column":3}},"24":{"start":{"line":29,"column":4},"end":{"line":29,"column":61}},"25":{"start":{"line":32,"column":2},"end":{"line":32,"column":21}},"26":{"start":{"line":33,"column":2},"end":{"line":33,"column":29}},"27":{"start":{"line":37,"column":0},"end":{"line":45,"column":2}},"28":{"start":{"line":38,"column":17},"end":{"line":38,"column":27}},"29":{"start":{"line":39,"column":16},"end":{"line":39,"column":49}},"30":{"start":{"line":39,"column":37},"end":{"line":39,"column":48}},"31":{"start":{"line":40,"column":2},"end":{"line":42,"column":3}},"32":{"start":{"line":41,"column":4},"end":{"line":41,"column":61}},"33":{"start":{"line":43,"column":2},"end":{"line":43,"column":25}},"34":{"start":{"line":44,"column":2},"end":{"line":44,"column":25}}},"fnMap":{"0":{"name":"(anonymous_0)","decl":{"start":{"line":3,"column":19},"end":{"line":3,"column":20}},"loc":{"start":{"line":3,"column":33},"end":{"line":3,"column":48}},"line":3},"1":{"name":"(anonymous_1)","decl":{"start":{"line":5,"column":21},"end":{"line":5,"column":22}},"loc":{"start":{"line":5,"column":35},"end":{"line":13,"column":1}},"line":5},"2":{"name":"(anonymous_2)","decl":{"start":{"line":15,"column":21},"end":{"line":15,"column":22}},"loc":{"start":{"line":15,"column":35},"end":{"line":21,"column":1}},"line":15},"3":{"name":"(anonymous_3)","decl":{"start":{"line":17,"column":26},"end":{"line":17,"column":27}},"loc":{"start":{"line":17,"column":31},"end":{"line":17,"column":42}},"line":17},"4":{"name":"(anonymous_4)","decl":{"start":{"line":24,"column":21},"end":{"line":24,"column":22}},"loc":{"start":{"line":24,"column":35},"end":{"line":34,"column":1}},"line":24},"5":{"name":"(anonymous_5)","decl":{"start":{"line":27,"column":26},"end":{"line":27,"column":27}},"loc":{"start":{"line":27,"column":31},"end":{"line":27,"column":42}},"line":27},"6":{"name":"(anonymous_6)","decl":{"start":{"line":37,"column":21},"end":{"line":37,"column":22}},"loc":{"start":{"line":37,"column":35},"end":{"line":45,"column":1}},"line":37},"7":{"name":"(anonymous_7)","decl":{"start":{"line":39,"column":32},"end":{"line":39,"column":33}},"loc":{"start":{"line":39,"column":37},"end":{"line":39,"column":48}},"line":39}},"branchMap":{"0":{"loc":{"start":{"line":7,"column":2},"end":{"line":9,"column":3}},"type":"if","locations":[{"start":{"line":7,"column":2},"end":{"line":9,"column":3}},{"start":{},"end":{}}],"line":7},"1":{"loc":{"start":{"line":7,"column":6},"end":{"line":7,"column":33}},"type":"binary-expr","locations":[{"start":{"line":7,"column":6},"end":{"line":7,"column":11}},{"start":{"line":7,"column":15},"end":{"line":7,"column":33}}],"line":7},"2":{"loc":{"start":{"line":18,"column":2},"end":{"line":18,"column":65}},"type":"if","locations":[{"start":{"line":18,"column":2},"end":{"line":18,"column":65}},{"start":{},"end":{}}],"line":18},"3":{"loc":{"start":{"line":28,"column":2},"end":{"line":30,"column":3}},"type":"if","locations":[{"start":{"line":28,"column":2},"end":{"line":30,"column":3}},{"start":{},"end":{}}],"line":28},"4":{"loc":{"start":{"line":40,"column":2},"end":{"line":42,"column":3}},"type":"if","locations":[{"start":{"line":40,"column":2},"end":{"line":42,"column":3}},{"start":{},"end":{}}],"line":40}},"s":{"0":1,"1":1,"2":1,"3":1,"4":3,"5":3,"6":1,"7":2,"8":2,"9":2,"10":1,"11":0,"12":0,"13":0,"14":0,"15":0,"16":0,"17":0,"18":1,"19":2,"20":2,"21":2,"22":4,"23":2,"24":1,"25":1,"26":1,"27":1,"28":2,"29":2,"30":2,"31":2,"32":1,"33":1,"34":1},"f":{"0":1,"1":3,"2":0,"3":0,"4":2,"5":4,"6":2,"7":2},"b":{"0":[1,2],"1":[3,2],"2":[0,0],"3":[1,1],"4":[1,1]},"_coverageSchema":"1a1c01bbd47fc00a2c39e90264f33305004495a9","hash":"c634653ba01750a7fbee72f542e3cc312e229a03"}
,"/Users/ganesh/hobbies/todo_app/backend/data/db.js": {"path":"/Users/ganesh/hobbies/todo_app/backend/data/db.js","statementMap":{"0":{"start":{"line":1,"column":14},"end":{"line":1,"column":62}},"1":{"start":{"line":2,"column":12},"end":{"line":2,"column":14}},"2":{"start":{"line":4,"column":0},"end":{"line":4,"column":34}}},"fnMap":{},"branchMap":{},"s":{"0":1,"1":1,"2":1},"f":{},"b":{},"_coverageSchema":"1a1c01bbd47fc00a2c39e90264f33305004495a9","hash":"e4677f16b1b34821273ca9f8dc066465624c793d"}
,"/Users/ganesh/hobbies/todo_app/backend/routes/authRoutes.js": {"path":"/Users/ganesh/hobbies/todo_app/backend/routes/authRoutes.js","statementMap":{"0":{"start":{"line":1,"column":16},"end":{"line":1,"column":34}},"1":{"start":{"line":2,"column":15},"end":{"line":2,"column":31}},"2":{"start":{"line":3,"column":18},"end":{"line":3,"column":58}},"3":{"start":{"line":5,"column":0},"end":{"line":5,"column":24}},"4":{"start":{"line":7,"column":0},"end":{"line":7,"column":24}}},"fnMap":{},"branchMap":{},"s":{"0":1,"1":1,"2":1,"3":1,"4":1},"f":{},"b":{},"_coverageSchema":"1a1c01bbd47fc00a2c39e90264f33305004495a9","hash":"36ed66c1a5ce982128f62379cba38b29e007e783"}
,"/Users/ganesh/hobbies/todo_app/backend/routes/todoRoutes.js": {"path":"/Users/ganesh/hobbies/todo_app/backend/routes/todoRoutes.js","statementMap":{"0":{"start":{"line":1,"column":16},"end":{"line":1,"column":34}},"1":{"start":{"line":2,"column":15},"end":{"line":2,"column":31}},"2":{"start":{"line":8,"column":4},"end":{"line":8,"column":44}},"3":{"start":{"line":10,"column":0},"end":{"line":10,"column":26}},"4":{"start":{"line":11,"column":0},"end":{"line":11,"column":29}},"5":{"start":{"line":12,"column":0},"end":{"line":12,"column":31}},"6":{"start":{"line":13,"column":0},"end":{"line":13,"column":34}},"7":{"start":{"line":15,"column":0},"end":{"line":15,"column":24}}},"fnMap":{},"branchMap":{},"s":{"0":1,"1":1,"2":1,"3":1,"4":1,"5":1,"6":1,"7":1},"f":{},"b":{},"_coverageSchema":"1a1c01bbd47fc00a2c39e90264f33305004495a9","hash":"d47fe590ecba60330bffb563c20d1e0c6a7a79d7"}
}
